Command line invocation:
    /Applications/Xcode.app/Contents/Developer/usr/bin/xcodebuild -project SwiftSweepMAS.xcodeproj -scheme SwiftSweepMAS -configuration Debug build

--- xcodebuild: WARNING: Using the first of multiple matching destinations:
{ platform:macOS, arch:arm64, id:00008132-0011602A1AD3801C, name:My Mac }
{ platform:macOS, arch:x86_64, id:00008132-0011602A1AD3801C, name:My Mac }
{ platform:macOS, name:Any Mac }
ComputePackagePrebuildTargetDependencyGraph

Prepare packages

CreateBuildRequest

SendProjectDescription

CreateBuildOperation

ComputeTargetDependencyGraph
note: Building targets in dependency order
note: Target dependency graph (2 targets)
    Target 'SwiftSweepMAS' in project 'SwiftSweepMAS'
        ➜ Explicit dependency on target 'FinderSyncExtension' in project 'SwiftSweepMAS'
    Target 'FinderSyncExtension' in project 'SwiftSweepMAS' (no dependencies)

GatherProvisioningInputs

CreateBuildDescription

ClangStatCache /Applications/Xcode.app/Contents/Developer/Toolchains/XcodeDefault.xctoolchain/usr/bin/clang-stat-cache /Applications/Xcode.app/Contents/Developer/Platforms/MacOSX.platform/Developer/SDKs/MacOSX26.1.sdk /Users/huaodong/Library/Developer/Xcode/DerivedData/SDKStatCaches.noindex/macosx26.1-25B74-3ae1261907bdadc328169391a47051a6.sdkstatcache
    cd /Users/huaodong/SwiftSweep/SwiftSweepMAS/SwiftSweepMAS.xcodeproj
    /Applications/Xcode.app/Contents/Developer/Toolchains/XcodeDefault.xctoolchain/usr/bin/clang-stat-cache /Applications/Xcode.app/Contents/Developer/Platforms/MacOSX.platform/Developer/SDKs/MacOSX26.1.sdk -o /Users/huaodong/Library/Developer/Xcode/DerivedData/SDKStatCaches.noindex/macosx26.1-25B74-3ae1261907bdadc328169391a47051a6.sdkstatcache

CodeSign /Users/huaodong/Library/Developer/Xcode/DerivedData/SwiftSweepMAS-adkumeblogefpsemoodevgxztbvh/Build/Products/Debug/FinderSyncExtension.appex/Contents/MacOS/FinderSyncExtension.debug.dylib (in target 'FinderSyncExtension' from project 'SwiftSweepMAS')
    cd /Users/huaodong/SwiftSweep/SwiftSweepMAS
    
    Signing Identity:     "Apple Development: Aodong Hu (JAFKQ579LF)"
    
    /usr/bin/codesign --force --sign 91AFB307364282232C7B7A9A2D9A8F2E3FC13991 --timestamp\=none --generate-entitlement-der /Users/huaodong/Library/Developer/Xcode/DerivedData/SwiftSweepMAS-adkumeblogefpsemoodevgxztbvh/Build/Products/Debug/FinderSyncExtension.appex/Contents/MacOS/FinderSyncExtension.debug.dylib

CodeSign /Users/huaodong/Library/Developer/Xcode/DerivedData/SwiftSweepMAS-adkumeblogefpsemoodevgxztbvh/Build/Products/Debug/FinderSyncExtension.appex/Contents/MacOS/__preview.dylib (in target 'FinderSyncExtension' from project 'SwiftSweepMAS')
    cd /Users/huaodong/SwiftSweep/SwiftSweepMAS
    
    Signing Identity:     "Apple Development: Aodong Hu (JAFKQ579LF)"
    
    /usr/bin/codesign --force --sign 91AFB307364282232C7B7A9A2D9A8F2E3FC13991 --timestamp\=none --generate-entitlement-der /Users/huaodong/Library/Developer/Xcode/DerivedData/SwiftSweepMAS-adkumeblogefpsemoodevgxztbvh/Build/Products/Debug/FinderSyncExtension.appex/Contents/MacOS/__preview.dylib

CodeSign /Users/huaodong/Library/Developer/Xcode/DerivedData/SwiftSweepMAS-adkumeblogefpsemoodevgxztbvh/Build/Products/Debug/FinderSyncExtension.appex (in target 'FinderSyncExtension' from project 'SwiftSweepMAS')
    cd /Users/huaodong/SwiftSweep/SwiftSweepMAS
    
    Signing Identity:     "Apple Development: Aodong Hu (JAFKQ579LF)"
    
    /usr/bin/codesign --force --sign 91AFB307364282232C7B7A9A2D9A8F2E3FC13991 --entitlements /Users/huaodong/Library/Developer/Xcode/DerivedData/SwiftSweepMAS-adkumeblogefpsemoodevgxztbvh/Build/Intermediates.noindex/SwiftSweepMAS.build/Debug/FinderSyncExtension.build/FinderSyncExtension.appex.xcent --timestamp\=none --generate-entitlement-der /Users/huaodong/Library/Developer/Xcode/DerivedData/SwiftSweepMAS-adkumeblogefpsemoodevgxztbvh/Build/Products/Debug/FinderSyncExtension.appex

RegisterExecutionPolicyException /Users/huaodong/Library/Developer/Xcode/DerivedData/SwiftSweepMAS-adkumeblogefpsemoodevgxztbvh/Build/Products/Debug/FinderSyncExtension.appex (in target 'FinderSyncExtension' from project 'SwiftSweepMAS')
    cd /Users/huaodong/SwiftSweep/SwiftSweepMAS
    builtin-RegisterExecutionPolicyException /Users/huaodong/Library/Developer/Xcode/DerivedData/SwiftSweepMAS-adkumeblogefpsemoodevgxztbvh/Build/Products/Debug/FinderSyncExtension.appex

Touch /Users/huaodong/Library/Developer/Xcode/DerivedData/SwiftSweepMAS-adkumeblogefpsemoodevgxztbvh/Build/Products/Debug/FinderSyncExtension.appex (in target 'FinderSyncExtension' from project 'SwiftSweepMAS')
    cd /Users/huaodong/SwiftSweep/SwiftSweepMAS
    /usr/bin/touch -c /Users/huaodong/Library/Developer/Xcode/DerivedData/SwiftSweepMAS-adkumeblogefpsemoodevgxztbvh/Build/Products/Debug/FinderSyncExtension.appex

CpResource /Users/huaodong/Library/Developer/Xcode/DerivedData/SwiftSweepMAS-adkumeblogefpsemoodevgxztbvh/Build/Products/Debug/SwiftSweepMAS.app/Contents/Resources/README.md /Users/huaodong/SwiftSweep/SwiftSweepMAS/Shared/AnalyzerEngineSubset/README.md (in target 'SwiftSweepMAS' from project 'SwiftSweepMAS')
    cd /Users/huaodong/SwiftSweep/SwiftSweepMAS
    builtin-copy -exclude .DS_Store -exclude CVS -exclude .svn -exclude .git -exclude .hg -resolve-src-symlinks /Users/huaodong/SwiftSweep/SwiftSweepMAS/Shared/AnalyzerEngineSubset/README.md /Users/huaodong/Library/Developer/Xcode/DerivedData/SwiftSweepMAS-adkumeblogefpsemoodevgxztbvh/Build/Products/Debug/SwiftSweepMAS.app/Contents/Resources

CpResource /Users/huaodong/Library/Developer/Xcode/DerivedData/SwiftSweepMAS-adkumeblogefpsemoodevgxztbvh/Build/Products/Debug/SwiftSweepMAS.app/Contents/Resources/PrivacyInfo.xcprivacy /Users/huaodong/SwiftSweep/SwiftSweepMAS/SwiftSweepMAS/PrivacyInfo.xcprivacy (in target 'SwiftSweepMAS' from project 'SwiftSweepMAS')
    cd /Users/huaodong/SwiftSweep/SwiftSweepMAS
    builtin-copy -exclude .DS_Store -exclude CVS -exclude .svn -exclude .git -exclude .hg -resolve-src-symlinks /Users/huaodong/SwiftSweep/SwiftSweepMAS/SwiftSweepMAS/PrivacyInfo.xcprivacy /Users/huaodong/Library/Developer/Xcode/DerivedData/SwiftSweepMAS-adkumeblogefpsemoodevgxztbvh/Build/Products/Debug/SwiftSweepMAS.app/Contents/Resources

Ld /Users/huaodong/Library/Developer/Xcode/DerivedData/SwiftSweepMAS-adkumeblogefpsemoodevgxztbvh/Build/Products/Debug/SwiftSweepMAS.app/Contents/MacOS/__preview.dylib normal (in target 'SwiftSweepMAS' from project 'SwiftSweepMAS')
    cd /Users/huaodong/SwiftSweep/SwiftSweepMAS
    /Applications/Xcode.app/Contents/Developer/Toolchains/XcodeDefault.xctoolchain/usr/bin/clang -Xlinker -reproducible -target arm64-apple-macos13.0 -dynamiclib -isysroot /Applications/Xcode.app/Contents/Developer/Platforms/MacOSX.platform/Developer/SDKs/MacOSX26.1.sdk -O0 -L/Users/huaodong/Library/Developer/Xcode/DerivedData/SwiftSweepMAS-adkumeblogefpsemoodevgxztbvh/Build/Products/Debug -F/Users/huaodong/Library/Developer/Xcode/DerivedData/SwiftSweepMAS-adkumeblogefpsemoodevgxztbvh/Build/Products/Debug -install_name @rpath/SwiftSweepMAS.debug.dylib -rdynamic -Xlinker -no_deduplicate -Xlinker -dependency_info -Xlinker /Users/huaodong/Library/Developer/Xcode/DerivedData/SwiftSweepMAS-adkumeblogefpsemoodevgxztbvh/Build/Intermediates.noindex/SwiftSweepMAS.build/Debug/SwiftSweepMAS.build/Objects-normal/arm64/SwiftSweepMAS_dependency_info.dat -Xlinker -no_adhoc_codesign -o /Users/huaodong/Library/Developer/Xcode/DerivedData/SwiftSweepMAS-adkumeblogefpsemoodevgxztbvh/Build/Products/Debug/SwiftSweepMAS.app/Contents/MacOS/__preview.dylib

Ld /Users/huaodong/Library/Developer/Xcode/DerivedData/SwiftSweepMAS-adkumeblogefpsemoodevgxztbvh/Build/Products/Debug/SwiftSweepMAS.app/Contents/MacOS/SwiftSweepMAS.debug.dylib normal (in target 'SwiftSweepMAS' from project 'SwiftSweepMAS')
    cd /Users/huaodong/SwiftSweep/SwiftSweepMAS
    /Applications/Xcode.app/Contents/Developer/Toolchains/XcodeDefault.xctoolchain/usr/bin/clang -Xlinker -reproducible -target arm64-apple-macos13.0 -dynamiclib -isysroot /Applications/Xcode.app/Contents/Developer/Platforms/MacOSX.platform/Developer/SDKs/MacOSX26.1.sdk -O0 -L/Users/huaodong/Library/Developer/Xcode/DerivedData/SwiftSweepMAS-adkumeblogefpsemoodevgxztbvh/Build/Intermediates.noindex/EagerLinkingTBDs/Debug -L/Users/huaodong/Library/Developer/Xcode/DerivedData/SwiftSweepMAS-adkumeblogefpsemoodevgxztbvh/Build/Products/Debug -F/Users/huaodong/Library/Developer/Xcode/DerivedData/SwiftSweepMAS-adkumeblogefpsemoodevgxztbvh/Build/Intermediates.noindex/EagerLinkingTBDs/Debug -F/Users/huaodong/Library/Developer/Xcode/DerivedData/SwiftSweepMAS-adkumeblogefpsemoodevgxztbvh/Build/Products/Debug -filelist /Users/huaodong/Library/Developer/Xcode/DerivedData/SwiftSweepMAS-adkumeblogefpsemoodevgxztbvh/Build/Intermediates.noindex/SwiftSweepMAS.build/Debug/SwiftSweepMAS.build/Objects-normal/arm64/SwiftSweepMAS.LinkFileList -install_name @rpath/SwiftSweepMAS.debug.dylib -Xlinker -rpath -Xlinker /usr/lib/swift -Xlinker -rpath -Xlinker @executable_path/../Frameworks -Xlinker -object_path_lto -Xlinker /Users/huaodong/Library/Developer/Xcode/DerivedData/SwiftSweepMAS-adkumeblogefpsemoodevgxztbvh/Build/Intermediates.noindex/SwiftSweepMAS.build/Debug/SwiftSweepMAS.build/Objects-normal/arm64/SwiftSweepMAS_lto.o -rdynamic -Xlinker -no_deduplicate -Xlinker -dependency_info -Xlinker /Users/huaodong/Library/Developer/Xcode/DerivedData/SwiftSweepMAS-adkumeblogefpsemoodevgxztbvh/Build/Intermediates.noindex/SwiftSweepMAS.build/Debug/SwiftSweepMAS.build/Objects-normal/arm64/SwiftSweepMAS_dependency_info.dat -fobjc-link-runtime -L/Applications/Xcode.app/Contents/Developer/Toolchains/XcodeDefault.xctoolchain/usr/lib/swift/macosx -L/usr/lib/swift -Xlinker -add_ast_path -Xlinker /Users/huaodong/Library/Developer/Xcode/DerivedData/SwiftSweepMAS-adkumeblogefpsemoodevgxztbvh/Build/Intermediates.noindex/SwiftSweepMAS.build/Debug/SwiftSweepMAS.build/Objects-normal/arm64/SwiftSweepMAS.swiftmodule @/Users/huaodong/Library/Developer/Xcode/DerivedData/SwiftSweepMAS-adkumeblogefpsemoodevgxztbvh/Build/Intermediates.noindex/SwiftSweepMAS.build/Debug/SwiftSweepMAS.build/Objects-normal/arm64/SwiftSweepMAS-linker-args.resp -Xlinker -alias -Xlinker _main -Xlinker ___debug_main_executable_dylib_entry_point -Xlinker -no_adhoc_codesign -o /Users/huaodong/Library/Developer/Xcode/DerivedData/SwiftSweepMAS-adkumeblogefpsemoodevgxztbvh/Build/Products/Debug/SwiftSweepMAS.app/Contents/MacOS/SwiftSweepMAS.debug.dylib

ConstructStubExecutorLinkFileList /Users/huaodong/Library/Developer/Xcode/DerivedData/SwiftSweepMAS-adkumeblogefpsemoodevgxztbvh/Build/Intermediates.noindex/SwiftSweepMAS.build/Debug/SwiftSweepMAS.build/SwiftSweepMAS-ExecutorLinkFileList-normal-arm64.txt (in target 'SwiftSweepMAS' from project 'SwiftSweepMAS')
    cd /Users/huaodong/SwiftSweep/SwiftSweepMAS
    construct-stub-executor-link-file-list /Users/huaodong/Library/Developer/Xcode/DerivedData/SwiftSweepMAS-adkumeblogefpsemoodevgxztbvh/Build/Products/Debug/SwiftSweepMAS.app/Contents/MacOS/SwiftSweepMAS.debug.dylib /Applications/Xcode.app/Contents/Developer/Platforms/MacOSX.platform/Developer/usr/lib/libPreviewsJITStubExecutor_no_swift_entry_point.a /Applications/Xcode.app/Contents/Developer/Platforms/MacOSX.platform/Developer/usr/lib/libPreviewsJITStubExecutor.a --output /Users/huaodong/Library/Developer/Xcode/DerivedData/SwiftSweepMAS-adkumeblogefpsemoodevgxztbvh/Build/Intermediates.noindex/SwiftSweepMAS.build/Debug/SwiftSweepMAS.build/SwiftSweepMAS-ExecutorLinkFileList-normal-arm64.txt
note: Using stub executor library with Swift entry point. (in target 'SwiftSweepMAS' from project 'SwiftSweepMAS')

Ld /Users/huaodong/Library/Developer/Xcode/DerivedData/SwiftSweepMAS-adkumeblogefpsemoodevgxztbvh/Build/Products/Debug/SwiftSweepMAS.app/Contents/MacOS/SwiftSweepMAS normal (in target 'SwiftSweepMAS' from project 'SwiftSweepMAS')
    cd /Users/huaodong/SwiftSweep/SwiftSweepMAS
    /Applications/Xcode.app/Contents/Developer/Toolchains/XcodeDefault.xctoolchain/usr/bin/clang -Xlinker -reproducible -target arm64-apple-macos13.0 -isysroot /Applications/Xcode.app/Contents/Developer/Platforms/MacOSX.platform/Developer/SDKs/MacOSX26.1.sdk -O0 -L/Users/huaodong/Library/Developer/Xcode/DerivedData/SwiftSweepMAS-adkumeblogefpsemoodevgxztbvh/Build/Products/Debug -F/Users/huaodong/Library/Developer/Xcode/DerivedData/SwiftSweepMAS-adkumeblogefpsemoodevgxztbvh/Build/Products/Debug -Xlinker -rpath -Xlinker @executable_path -Xlinker -rpath -Xlinker @executable_path/../Frameworks -rdynamic -Xlinker -no_deduplicate -e ___debug_blank_executor_main -Xlinker -sectcreate -Xlinker __TEXT -Xlinker __debug_dylib -Xlinker /Users/huaodong/Library/Developer/Xcode/DerivedData/SwiftSweepMAS-adkumeblogefpsemoodevgxztbvh/Build/Intermediates.noindex/SwiftSweepMAS.build/Debug/SwiftSweepMAS.build/SwiftSweepMAS-DebugDylibPath-normal-arm64.txt -Xlinker -sectcreate -Xlinker __TEXT -Xlinker __debug_instlnm -Xlinker /Users/huaodong/Library/Developer/Xcode/DerivedData/SwiftSweepMAS-adkumeblogefpsemoodevgxztbvh/Build/Intermediates.noindex/SwiftSweepMAS.build/Debug/SwiftSweepMAS.build/SwiftSweepMAS-DebugDylibInstallName-normal-arm64.txt -Xlinker -filelist -Xlinker /Users/huaodong/Library/Developer/Xcode/DerivedData/SwiftSweepMAS-adkumeblogefpsemoodevgxztbvh/Build/Intermediates.noindex/SwiftSweepMAS.build/Debug/SwiftSweepMAS.build/SwiftSweepMAS-ExecutorLinkFileList-normal-arm64.txt /Users/huaodong/Library/Developer/Xcode/DerivedData/SwiftSweepMAS-adkumeblogefpsemoodevgxztbvh/Build/Products/Debug/SwiftSweepMAS.app/Contents/MacOS/SwiftSweepMAS.debug.dylib -Xlinker -no_adhoc_codesign -o /Users/huaodong/Library/Developer/Xcode/DerivedData/SwiftSweepMAS-adkumeblogefpsemoodevgxztbvh/Build/Products/Debug/SwiftSweepMAS.app/Contents/MacOS/SwiftSweepMAS

Copy /Users/huaodong/Library/Developer/Xcode/DerivedData/SwiftSweepMAS-adkumeblogefpsemoodevgxztbvh/Build/Products/Debug/SwiftSweepMAS.app/Contents/PlugIns/FinderSyncExtension.appex /Users/huaodong/Library/Developer/Xcode/DerivedData/SwiftSweepMAS-adkumeblogefpsemoodevgxztbvh/Build/Products/Debug/FinderSyncExtension.appex (in target 'SwiftSweepMAS' from project 'SwiftSweepMAS')
    cd /Users/huaodong/SwiftSweep/SwiftSweepMAS
    builtin-copy -exclude .DS_Store -exclude CVS -exclude .svn -exclude .git -exclude .hg -exclude Headers -exclude PrivateHeaders -exclude Modules -exclude \*.tbd -resolve-src-symlinks -remove-static-executable /Users/huaodong/Library/Developer/Xcode/DerivedData/SwiftSweepMAS-adkumeblogefpsemoodevgxztbvh/Build/Products/Debug/FinderSyncExtension.appex /Users/huaodong/Library/Developer/Xcode/DerivedData/SwiftSweepMAS-adkumeblogefpsemoodevgxztbvh/Build/Products/Debug/SwiftSweepMAS.app/Contents/PlugIns

ProcessInfoPlistFile /Users/huaodong/Library/Developer/Xcode/DerivedData/SwiftSweepMAS-adkumeblogefpsemoodevgxztbvh/Build/Products/Debug/SwiftSweepMAS.app/Contents/Info.plist /Users/huaodong/SwiftSweep/SwiftSweepMAS/SwiftSweepMAS/Info.plist (in target 'SwiftSweepMAS' from project 'SwiftSweepMAS')
    cd /Users/huaodong/SwiftSweep/SwiftSweepMAS
    builtin-infoPlistUtility /Users/huaodong/SwiftSweep/SwiftSweepMAS/SwiftSweepMAS/Info.plist -producttype com.apple.product-type.application -genpkginfo /Users/huaodong/Library/Developer/Xcode/DerivedData/SwiftSweepMAS-adkumeblogefpsemoodevgxztbvh/Build/Products/Debug/SwiftSweepMAS.app/Contents/PkgInfo -expandbuildsettings -platform macosx -scanforprivacyfile /Users/huaodong/Library/Developer/Xcode/DerivedData/SwiftSweepMAS-adkumeblogefpsemoodevgxztbvh/Build/Products/Debug/SwiftSweepMAS.app/Contents/PlugIns/FinderSyncExtension.appex -o /Users/huaodong/Library/Developer/Xcode/DerivedData/SwiftSweepMAS-adkumeblogefpsemoodevgxztbvh/Build/Products/Debug/SwiftSweepMAS.app/Contents/Info.plist

CopySwiftLibs /Users/huaodong/Library/Developer/Xcode/DerivedData/SwiftSweepMAS-adkumeblogefpsemoodevgxztbvh/Build/Products/Debug/SwiftSweepMAS.app (in target 'SwiftSweepMAS' from project 'SwiftSweepMAS')
    cd /Users/huaodong/SwiftSweep/SwiftSweepMAS
    builtin-swiftStdLibTool --copy --verbose --sign 91AFB307364282232C7B7A9A2D9A8F2E3FC13991 --scan-executable /Users/huaodong/Library/Developer/Xcode/DerivedData/SwiftSweepMAS-adkumeblogefpsemoodevgxztbvh/Build/Products/Debug/SwiftSweepMAS.app/Contents/MacOS/SwiftSweepMAS.debug.dylib --scan-folder /Users/huaodong/Library/Developer/Xcode/DerivedData/SwiftSweepMAS-adkumeblogefpsemoodevgxztbvh/Build/Products/Debug/SwiftSweepMAS.app/Contents/Frameworks --scan-folder /Users/huaodong/Library/Developer/Xcode/DerivedData/SwiftSweepMAS-adkumeblogefpsemoodevgxztbvh/Build/Products/Debug/SwiftSweepMAS.app/Contents/PlugIns --scan-folder /Users/huaodong/Library/Developer/Xcode/DerivedData/SwiftSweepMAS-adkumeblogefpsemoodevgxztbvh/Build/Products/Debug/SwiftSweepMAS.app/Contents/Library/SystemExtensions --scan-folder /Users/huaodong/Library/Developer/Xcode/DerivedData/SwiftSweepMAS-adkumeblogefpsemoodevgxztbvh/Build/Products/Debug/SwiftSweepMAS.app/Contents/Extensions --platform macosx --toolchain /Applications/Xcode.app/Contents/Developer/Toolchains/XcodeDefault.xctoolchain --destination /Users/huaodong/Library/Developer/Xcode/DerivedData/SwiftSweepMAS-adkumeblogefpsemoodevgxztbvh/Build/Products/Debug/SwiftSweepMAS.app/Contents/Frameworks --strip-bitcode --strip-bitcode-tool /Applications/Xcode.app/Contents/Developer/Toolchains/XcodeDefault.xctoolchain/usr/bin/bitcode_strip --emit-dependency-info /Users/huaodong/Library/Developer/Xcode/DerivedData/SwiftSweepMAS-adkumeblogefpsemoodevgxztbvh/Build/Intermediates.noindex/SwiftSweepMAS.build/Debug/SwiftSweepMAS.build/SwiftStdLibToolInputDependencies.dep --filter-for-swift-os --back-deploy-swift-span

ExtractAppIntentsMetadata (in target 'SwiftSweepMAS' from project 'SwiftSweepMAS')
    cd /Users/huaodong/SwiftSweep/SwiftSweepMAS
    /Applications/Xcode.app/Contents/Developer/Toolchains/XcodeDefault.xctoolchain/usr/bin/appintentsmetadataprocessor --toolchain-dir /Applications/Xcode.app/Contents/Developer/Toolchains/XcodeDefault.xctoolchain --module-name SwiftSweepMAS --sdk-root /Applications/Xcode.app/Contents/Developer/Platforms/MacOSX.platform/Developer/SDKs/MacOSX26.1.sdk --xcode-version 17B100 --platform-family macOS --deployment-target 13.0 --bundle-identifier com.swiftsweep.mas --output /Users/huaodong/Library/Developer/Xcode/DerivedData/SwiftSweepMAS-adkumeblogefpsemoodevgxztbvh/Build/Products/Debug/SwiftSweepMAS.app/Contents/Resources --target-triple arm64-apple-macos13.0 --binary-file /Users/huaodong/Library/Developer/Xcode/DerivedData/SwiftSweepMAS-adkumeblogefpsemoodevgxztbvh/Build/Products/Debug/SwiftSweepMAS.app/Contents/MacOS/SwiftSweepMAS --dependency-file /Users/huaodong/Library/Developer/Xcode/DerivedData/SwiftSweepMAS-adkumeblogefpsemoodevgxztbvh/Build/Intermediates.noindex/SwiftSweepMAS.build/Debug/SwiftSweepMAS.build/Objects-normal/arm64/SwiftSweepMAS_dependency_info.dat --stringsdata-file /Users/huaodong/Library/Developer/Xcode/DerivedData/SwiftSweepMAS-adkumeblogefpsemoodevgxztbvh/Build/Intermediates.noindex/SwiftSweepMAS.build/Debug/SwiftSweepMAS.build/Objects-normal/arm64/ExtractedAppShortcutsMetadata.stringsdata --source-file-list /Users/huaodong/Library/Developer/Xcode/DerivedData/SwiftSweepMAS-adkumeblogefpsemoodevgxztbvh/Build/Intermediates.noindex/SwiftSweepMAS.build/Debug/SwiftSweepMAS.build/Objects-normal/arm64/SwiftSweepMAS.SwiftFileList --metadata-file-list /Users/huaodong/Library/Developer/Xcode/DerivedData/SwiftSweepMAS-adkumeblogefpsemoodevgxztbvh/Build/Intermediates.noindex/SwiftSweepMAS.build/Debug/SwiftSweepMAS.build/SwiftSweepMAS.DependencyMetadataFileList --static-metadata-file-list /Users/huaodong/Library/Developer/Xcode/DerivedData/SwiftSweepMAS-adkumeblogefpsemoodevgxztbvh/Build/Intermediates.noindex/SwiftSweepMAS.build/Debug/SwiftSweepMAS.build/SwiftSweepMAS.DependencyStaticMetadataFileList --swift-const-vals-list /Users/huaodong/Library/Developer/Xcode/DerivedData/SwiftSweepMAS-adkumeblogefpsemoodevgxztbvh/Build/Intermediates.noindex/SwiftSweepMAS.build/Debug/SwiftSweepMAS.build/Objects-normal/arm64/SwiftSweepMAS.SwiftConstValuesFileList --compile-time-extraction --deployment-aware-processing --validate-assistant-intents --no-app-shortcuts-localization
2025-12-13 23:00:41.116 appintentsmetadataprocessor[20779:2326952] Starting appintentsmetadataprocessor export
2025-12-13 23:00:41.117 appintentsmetadataprocessor[20779:2326952] warning: Metadata extraction skipped. No AppIntents.framework dependency found.

CodeSign /Users/huaodong/Library/Developer/Xcode/DerivedData/SwiftSweepMAS-adkumeblogefpsemoodevgxztbvh/Build/Products/Debug/SwiftSweepMAS.app/Contents/MacOS/SwiftSweepMAS.debug.dylib (in target 'SwiftSweepMAS' from project 'SwiftSweepMAS')
    cd /Users/huaodong/SwiftSweep/SwiftSweepMAS
    
    Signing Identity:     "Apple Development: Aodong Hu (JAFKQ579LF)"
    
    /usr/bin/codesign --force --sign 91AFB307364282232C7B7A9A2D9A8F2E3FC13991 --timestamp\=none --generate-entitlement-der /Users/huaodong/Library/Developer/Xcode/DerivedData/SwiftSweepMAS-adkumeblogefpsemoodevgxztbvh/Build/Products/Debug/SwiftSweepMAS.app/Contents/MacOS/SwiftSweepMAS.debug.dylib

CodeSign /Users/huaodong/Library/Developer/Xcode/DerivedData/SwiftSweepMAS-adkumeblogefpsemoodevgxztbvh/Build/Products/Debug/SwiftSweepMAS.app/Contents/MacOS/__preview.dylib (in target 'SwiftSweepMAS' from project 'SwiftSweepMAS')
    cd /Users/huaodong/SwiftSweep/SwiftSweepMAS
    
    Signing Identity:     "Apple Development: Aodong Hu (JAFKQ579LF)"
    
    /usr/bin/codesign --force --sign 91AFB307364282232C7B7A9A2D9A8F2E3FC13991 --timestamp\=none --generate-entitlement-der /Users/huaodong/Library/Developer/Xcode/DerivedData/SwiftSweepMAS-adkumeblogefpsemoodevgxztbvh/Build/Products/Debug/SwiftSweepMAS.app/Contents/MacOS/__preview.dylib

CodeSign /Users/huaodong/Library/Developer/Xcode/DerivedData/SwiftSweepMAS-adkumeblogefpsemoodevgxztbvh/Build/Products/Debug/SwiftSweepMAS.app (in target 'SwiftSweepMAS' from project 'SwiftSweepMAS')
    cd /Users/huaodong/SwiftSweep/SwiftSweepMAS
    
    Signing Identity:     "Apple Development: Aodong Hu (JAFKQ579LF)"
    
    /usr/bin/codesign --force --sign 91AFB307364282232C7B7A9A2D9A8F2E3FC13991 --entitlements /Users/huaodong/Library/Developer/Xcode/DerivedData/SwiftSweepMAS-adkumeblogefpsemoodevgxztbvh/Build/Intermediates.noindex/SwiftSweepMAS.build/Debug/SwiftSweepMAS.build/SwiftSweepMAS.app.xcent --timestamp\=none --generate-entitlement-der /Users/huaodong/Library/Developer/Xcode/DerivedData/SwiftSweepMAS-adkumeblogefpsemoodevgxztbvh/Build/Products/Debug/SwiftSweepMAS.app

ValidateEmbeddedBinary /Users/huaodong/Library/Developer/Xcode/DerivedData/SwiftSweepMAS-adkumeblogefpsemoodevgxztbvh/Build/Products/Debug/SwiftSweepMAS.app/Contents/PlugIns/FinderSyncExtension.appex (in target 'SwiftSweepMAS' from project 'SwiftSweepMAS')
    cd /Users/huaodong/SwiftSweep/SwiftSweepMAS
    /Applications/Xcode.app/Contents/Developer/usr/bin/embeddedBinaryValidationUtility /Users/huaodong/Library/Developer/Xcode/DerivedData/SwiftSweepMAS-adkumeblogefpsemoodevgxztbvh/Build/Products/Debug/SwiftSweepMAS.app/Contents/PlugIns/FinderSyncExtension.appex -signing-cert 91AFB307364282232C7B7A9A2D9A8F2E3FC13991 -info-plist-path /Users/huaodong/Library/Developer/Xcode/DerivedData/SwiftSweepMAS-adkumeblogefpsemoodevgxztbvh/Build/Products/Debug/SwiftSweepMAS.app/Contents/Info.plist
warning: The CFBundleVersion of an app extension (null) must match that of its containing parent app ('1').

RegisterExecutionPolicyException /Users/huaodong/Library/Developer/Xcode/DerivedData/SwiftSweepMAS-adkumeblogefpsemoodevgxztbvh/Build/Products/Debug/SwiftSweepMAS.app (in target 'SwiftSweepMAS' from project 'SwiftSweepMAS')
    cd /Users/huaodong/SwiftSweep/SwiftSweepMAS
    builtin-RegisterExecutionPolicyException /Users/huaodong/Library/Developer/Xcode/DerivedData/SwiftSweepMAS-adkumeblogefpsemoodevgxztbvh/Build/Products/Debug/SwiftSweepMAS.app

Validate /Users/huaodong/Library/Developer/Xcode/DerivedData/SwiftSweepMAS-adkumeblogefpsemoodevgxztbvh/Build/Products/Debug/SwiftSweepMAS.app (in target 'SwiftSweepMAS' from project 'SwiftSweepMAS')
    cd /Users/huaodong/SwiftSweep/SwiftSweepMAS
    builtin-validationUtility /Users/huaodong/Library/Developer/Xcode/DerivedData/SwiftSweepMAS-adkumeblogefpsemoodevgxztbvh/Build/Products/Debug/SwiftSweepMAS.app -no-validate-extension -infoplist-subpath Contents/Info.plist

Touch /Users/huaodong/Library/Developer/Xcode/DerivedData/SwiftSweepMAS-adkumeblogefpsemoodevgxztbvh/Build/Products/Debug/SwiftSweepMAS.app (in target 'SwiftSweepMAS' from project 'SwiftSweepMAS')
    cd /Users/huaodong/SwiftSweep/SwiftSweepMAS
    /usr/bin/touch -c /Users/huaodong/Library/Developer/Xcode/DerivedData/SwiftSweepMAS-adkumeblogefpsemoodevgxztbvh/Build/Products/Debug/SwiftSweepMAS.app

RegisterWithLaunchServices /Users/huaodong/Library/Developer/Xcode/DerivedData/SwiftSweepMAS-adkumeblogefpsemoodevgxztbvh/Build/Products/Debug/SwiftSweepMAS.app (in target 'SwiftSweepMAS' from project 'SwiftSweepMAS')
    cd /Users/huaodong/SwiftSweep/SwiftSweepMAS
    /System/Library/Frameworks/CoreServices.framework/Versions/Current/Frameworks/LaunchServices.framework/Versions/Current/Support/lsregister -f -R -trusted /Users/huaodong/Library/Developer/Xcode/DerivedData/SwiftSweepMAS-adkumeblogefpsemoodevgxztbvh/Build/Products/Debug/SwiftSweepMAS.app

** BUILD SUCCEEDED **

